# JRE version: Java(TM) SE Runtime Environment (8.0_181-b13) (build 1.8.0_181-b13)
# Java VM: Java HotSpot(TM) 64-Bit Server VM (25.181-b13 mixed mode windows-amd64 compressed oops)
Heap:
 PSYoungGen      total 443392K, used 45037K [0x000000076ae00000, 0x000000079d400000, 0x00000007c0000000)
  eden space 398336K, 0% used [0x000000076ae00000,0x000000076ae00000,0x0000000783300000)
  from space 45056K, 99% used [0x0000000783300000,0x0000000785efb7d0,0x0000000785f00000)
  to   space 39424K, 0% used [0x0000000785f00000,0x0000000785f00000,0x0000000788580000)
 ParOldGen       total 349696K, used 41972K [0x00000006c0a00000, 0x00000006d5f80000, 0x000000076ae00000)
  object space 349696K, 12% used [0x00000006c0a00000,0x00000006c32fd338,0x00000006d5f80000)
 Metaspace       used 34528K, capacity 35194K, committed 35416K, reserved 1081344K
  class space    used 4013K, capacity 4202K, committed 4224K, reserved 1048576K
GC Heap History (10 events):
Event: 46.188 GC heap after
Heap after GC invocations=3 (full 1):
 PSYoungGen      total 153088K, used 0K [0x000000076ae00000, 0x0000000775880000, 0x00000007c0000000)
  eden space 131584K, 0% used [0x000000076ae00000,0x000000076ae00000,0x0000000772e80000)
  from space 21504K, 0% used [0x0000000774380000,0x0000000774380000,0x0000000775880000)
  to   space 21504K, 0% used [0x0000000772e80000,0x0000000772e80000,0x0000000774380000)
 ParOldGen       total 349696K, used 14820K [0x00000006c0a00000, 0x00000006d5f80000, 0x000000076ae00000)
  object space 349696K, 4% used [0x00000006c0a00000,0x00000006c18791c0,0x00000006d5f80000)
 Metaspace       used 20519K, capacity 21040K, committed 21248K, reserved 1069056K
  class space    used 2356K, capacity 2495K, committed 2560K, reserved 1048576K
}
Event: 50.006 GC heap before
{Heap before GC invocations=4 (full 1):
 PSYoungGen      total 153088K, used 131584K [0x000000076ae00000, 0x0000000775880000, 0x00000007c0000000)
  eden space 131584K, 100% used [0x000000076ae00000,0x0000000772e80000,0x0000000772e80000)
  from space 21504K, 0% used [0x0000000774380000,0x0000000774380000,0x0000000775880000)
  to   space 21504K, 0% used [0x0000000772e80000,0x0000000772e80000,0x0000000774380000)
 ParOldGen       total 349696K, used 14820K [0x00000006c0a00000, 0x00000006d5f80000, 0x000000076ae00000)
  object space 349696K, 4% used [0x00000006c0a00000,0x00000006c18791c0,0x00000006d5f80000)
 Metaspace       used 24524K, capacity 25140K, committed 25344K, reserved 1071104K
  class space    used 2809K, capacity 2966K, committed 3072K, reserved 1048576K
Event: 50.095 GC heap after
Heap after GC invocations=4 (full 1):
 PSYoungGen      total 153088K, used 19070K [0x000000076ae00000, 0x000000077ad80000, 0x00000007c0000000)
  eden space 131584K, 0% used [0x000000076ae00000,0x000000076ae00000,0x0000000772e80000)
  from space 21504K, 88% used [0x0000000772e80000,0x000000077411f8c8,0x0000000774380000)
  to   space 21504K, 0% used [0x0000000779880000,0x0000000779880000,0x000000077ad80000)
 ParOldGen       total 349696K, used 14828K [0x00000006c0a00000, 0x00000006d5f80000, 0x000000076ae00000)
  object space 349696K, 4% used [0x00000006c0a00000,0x00000006c187b1c0,0x00000006d5f80000)
 Metaspace       used 24524K, capacity 25140K, committed 25344K, reserved 1071104K
  class space    used 2809K, capacity 2966K, committed 3072K, reserved 1048576K
}
Event: 52.190 GC heap before
{Heap before GC invocations=5 (full 1):
 PSYoungGen      total 153088K, used 150654K [0x000000076ae00000, 0x000000077ad80000, 0x00000007c0000000)
  eden space 131584K, 100% used [0x000000076ae00000,0x0000000772e80000,0x0000000772e80000)
  from space 21504K, 88% used [0x0000000772e80000,0x000000077411f8c8,0x0000000774380000)
  to   space 21504K, 0% used [0x0000000779880000,0x0000000779880000,0x000000077ad80000)
 ParOldGen       total 349696K, used 14828K [0x00000006c0a00000, 0x00000006d5f80000, 0x000000076ae00000)
  object space 349696K, 4% used [0x00000006c0a00000,0x00000006c187b1c0,0x00000006d5f80000)
 Metaspace       used 24541K, capacity 25140K, committed 25344K, reserved 1071104K
  class space    used 2811K, capacity 2966K, committed 3072K, reserved 1048576K
Event: 52.329 GC heap after
Heap after GC invocations=5 (full 1):
 PSYoungGen      total 240128K, used 21472K [0x000000076ae00000, 0x000000077c380000, 0x00000007c0000000)
  eden space 218624K, 0% used [0x000000076ae00000,0x000000076ae00000,0x0000000778380000)
  from space 21504K, 99% used [0x0000000779880000,0x000000077ad78100,0x000000077ad80000)
  to   space 21504K, 0% used [0x0000000778380000,0x0000000778380000,0x0000000779880000)
 ParOldGen       total 349696K, used 19948K [0x00000006c0a00000, 0x00000006d5f80000, 0x000000076ae00000)
  object space 349696K, 5% used [0x00000006c0a00000,0x00000006c1d7b158,0x00000006d5f80000)
 Metaspace       used 24541K, capacity 25140K, committed 25344K, reserved 1071104K
  class space    used 2811K, capacity 2966K, committed 3072K, reserved 1048576K
}
Event: 56.326 GC heap before
{Heap before GC invocations=6 (full 1):
 PSYoungGen      total 240128K, used 240096K [0x000000076ae00000, 0x000000077c380000, 0x00000007c0000000)
  eden space 218624K, 100% used [0x000000076ae00000,0x0000000778380000,0x0000000778380000)
  from space 21504K, 99% used [0x0000000779880000,0x000000077ad78100,0x000000077ad80000)
  to   space 21504K, 0% used [0x0000000778380000,0x0000000778380000,0x0000000779880000)
 ParOldGen       total 349696K, used 19948K [0x00000006c0a00000, 0x00000006d5f80000, 0x000000076ae00000)
  object space 349696K, 5% used [0x00000006c0a00000,0x00000006c1d7b158,0x00000006d5f80000)
 Metaspace       used 24555K, capacity 25150K, committed 25344K, reserved 1071104K
  class space    used 2813K, capacity 2968K, committed 3072K, reserved 1048576K
Event: 56.468 GC heap after
Heap after GC invocations=6 (full 1):
 PSYoungGen      total 240128K, used 21489K [0x000000076ae00000, 0x0000000788580000, 0x00000007c0000000)
  eden space 218624K, 0% used [0x000000076ae00000,0x000000076ae00000,0x0000000778380000)
  from space 21504K, 99% used [0x0000000778380000,0x000000077987c638,0x0000000779880000)
  to   space 39424K, 0% used [0x0000000785f00000,0x0000000785f00000,0x0000000788580000)
 ParOldGen       total 349696K, used 37839K [0x00000006c0a00000, 0x00000006d5f80000, 0x000000076ae00000)
  object space 349696K, 10% used [0x00000006c0a00000,0x00000006c2ef3ff0,0x00000006d5f80000)
 Metaspace       used 24555K, capacity 25150K, committed 25344K, reserved 1071104K
  class space    used 2813K, capacity 2968K, committed 3072K, reserved 1048576K
}
Event: 64.378 GC heap before
{Heap before GC invocations=7 (full 1):
 PSYoungGen      total 240128K, used 240113K [0x000000076ae00000, 0x0000000788580000, 0x00000007c0000000)
  eden space 218624K, 100% used [0x000000076ae00000,0x0000000778380000,0x0000000778380000)
  from space 21504K, 99% used [0x0000000778380000,0x000000077987c638,0x0000000779880000)
  to   space 39424K, 0% used [0x0000000785f00000,0x0000000785f00000,0x0000000788580000)
 ParOldGen       total 349696K, used 37839K [0x00000006c0a00000, 0x00000006d5f80000, 0x000000076ae00000)
  object space 349696K, 10% used [0x00000006c0a00000,0x00000006c2ef3ff0,0x00000006d5f80000)
 Metaspace       used 24556K, capacity 25150K, committed 25344K, reserved 1071104K
  class space    used 2813K, capacity 2968K, committed 3072K, reserved 1048576K
Event: 64.451 GC heap after
Heap after GC invocations=7 (full 1):
 PSYoungGen      total 437760K, used 38123K [0x000000076ae00000, 0x0000000788b80000, 0x00000007c0000000)
  eden space 398336K, 0% used [0x000000076ae00000,0x000000076ae00000,0x0000000783300000)
  from space 39424K, 96% used [0x0000000785f00000,0x000000078843ad80,0x0000000788580000)
  to   space 45056K, 0% used [0x0000000783300000,0x0000000783300000,0x0000000785f00000)
 ParOldGen       total 349696K, used 37847K [0x00000006c0a00000, 0x00000006d5f80000, 0x000000076ae00000)
  object space 349696K, 10% used [0x00000006c0a00000,0x00000006c2ef5ff0,0x00000006d5f80000)
 Metaspace       used 24556K, capacity 25150K, committed 25344K, reserved 1071104K
  class space    used 2813K, capacity 2968K, committed 3072K, reserved 1048576K
}
Event: 94.155 GC heap before
{Heap before GC invocations=8 (full 1):
 PSYoungGen      total 437760K, used 388982K [0x000000076ae00000, 0x0000000788b80000, 0x00000007c0000000)
  eden space 398336K, 88% used [0x000000076ae00000,0x00000007804a2e70,0x0000000783300000)
  from space 39424K, 96% used [0x0000000785f00000,0x000000078843ad80,0x0000000788580000)
  to   space 45056K, 0% used [0x0000000783300000,0x0000000783300000,0x0000000785f00000)
 ParOldGen       total 349696K, used 37847K [0x00000006c0a00000, 0x00000006d5f80000, 0x000000076ae00000)
  object space 349696K, 10% used [0x00000006c0a00000,0x00000006c2ef5ff0,0x00000006d5f80000)
 Metaspace       used 34528K, capacity 35194K, committed 35416K, reserved 1081344K
  class space    used 4013K, capacity 4202K, committed 4224K, reserved 1048576K

