# JRE version: Java(TM) SE Runtime Environment (8.0_181-b13) (build 1.8.0_181-b13)
# Java VM: Java HotSpot(TM) 64-Bit Server VM (25.181-b13 mixed mode windows-amd64 compressed oops)
Heap:
 PSYoungGen      total 513024K, used 338149K [0x000000076ae00000, 0x000000078b900000, 0x00000007c0000000)
  eden space 491520K, 64% used [0x000000076ae00000,0x000000077e33b258,0x0000000788e00000)
  from space 21504K, 99% used [0x000000078a300000,0x000000078b7fe400,0x000000078b800000)
  to   space 21504K, 0% used [0x0000000788e00000,0x0000000788e00000,0x000000078a300000)
 ParOldGen       total 349696K, used 55279K [0x00000006c0a00000, 0x00000006d5f80000, 0x000000076ae00000)
  object space 349696K, 15% used [0x00000006c0a00000,0x00000006c3ffbfe8,0x00000006d5f80000)
 Metaspace       used 33001K, capacity 33716K, committed 34048K, reserved 1079296K
  class space    used 3836K, capacity 4009K, committed 4096K, reserved 1048576K
GC Heap History (10 events):
Event: 18.240 GC heap before
{Heap before GC invocations=1 (full 0):
 PSYoungGen      total 153088K, used 131584K [0x000000076ae00000, 0x0000000775880000, 0x00000007c0000000)
  eden space 131584K, 100% used [0x000000076ae00000,0x0000000772e80000,0x0000000772e80000)
  from space 21504K, 0% used [0x0000000774380000,0x0000000774380000,0x0000000775880000)
  to   space 21504K, 0% used [0x0000000772e80000,0x0000000772e80000,0x0000000774380000)
 ParOldGen       total 349696K, used 0K [0x00000006c0a00000, 0x00000006d5f80000, 0x000000076ae00000)
  object space 349696K, 0% used [0x00000006c0a00000,0x00000006c0a00000,0x00000006d5f80000)
 Metaspace       used 16344K, capacity 16680K, committed 16896K, reserved 1064960K
  class space    used 1947K, capacity 2043K, committed 2048K, reserved 1048576K
Event: 18.879 GC heap after
Heap after GC invocations=1 (full 0):
 PSYoungGen      total 153088K, used 16518K [0x000000076ae00000, 0x000000077d900000, 0x00000007c0000000)
  eden space 131584K, 0% used [0x000000076ae00000,0x000000076ae00000,0x0000000772e80000)
  from space 21504K, 76% used [0x0000000772e80000,0x0000000773ea1a40,0x0000000774380000)
  to   space 21504K, 0% used [0x000000077c400000,0x000000077c400000,0x000000077d900000)
 ParOldGen       total 349696K, used 0K [0x00000006c0a00000, 0x00000006d5f80000, 0x000000076ae00000)
  object space 349696K, 0% used [0x00000006c0a00000,0x00000006c0a00000,0x00000006d5f80000)
 Metaspace       used 16344K, capacity 16680K, committed 16896K, reserved 1064960K
  class space    used 1947K, capacity 2043K, committed 2048K, reserved 1048576K
}
Event: 57.334 GC heap before
{Heap before GC invocations=2 (full 0):
 PSYoungGen      total 153088K, used 146845K [0x000000076ae00000, 0x000000077d900000, 0x00000007c0000000)
  eden space 131584K, 99% used [0x000000076ae00000,0x0000000772d45bf8,0x0000000772e80000)
  from space 21504K, 76% used [0x0000000772e80000,0x0000000773ea1a40,0x0000000774380000)
  to   space 21504K, 0% used [0x000000077c400000,0x000000077c400000,0x000000077d900000)
 ParOldGen       total 349696K, used 0K [0x00000006c0a00000, 0x00000006d5f80000, 0x000000076ae00000)
  object space 349696K, 0% used [0x00000006c0a00000,0x00000006c0a00000,0x00000006d5f80000)
 Metaspace       used 20562K, capacity 21098K, committed 21248K, reserved 1069056K
  class space    used 2360K, capacity 2494K, committed 2560K, reserved 1048576K
Event: 57.387 GC heap after
Heap after GC invocations=2 (full 0):
 PSYoungGen      total 284672K, used 14870K [0x000000076ae00000, 0x000000077d900000, 0x00000007c0000000)
  eden space 263168K, 0% used [0x000000076ae00000,0x000000076ae00000,0x000000077af00000)
  from space 21504K, 69% used [0x000000077c400000,0x000000077d285b20,0x000000077d900000)
  to   space 21504K, 0% used [0x000000077af00000,0x000000077af00000,0x000000077c400000)
 ParOldGen       total 349696K, used 16K [0x00000006c0a00000, 0x00000006d5f80000, 0x000000076ae00000)
  object space 349696K, 0% used [0x00000006c0a00000,0x00000006c0a04000,0x00000006d5f80000)
 Metaspace       used 20562K, capacity 21098K, committed 21248K, reserved 1069056K
  class space    used 2360K, capacity 2494K, committed 2560K, reserved 1048576K
}
Event: 57.387 GC heap before
{Heap before GC invocations=3 (full 1):
 PSYoungGen      total 284672K, used 14870K [0x000000076ae00000, 0x000000077d900000, 0x00000007c0000000)
  eden space 263168K, 0% used [0x000000076ae00000,0x000000076ae00000,0x000000077af00000)
  from space 21504K, 69% used [0x000000077c400000,0x000000077d285b20,0x000000077d900000)
  to   space 21504K, 0% used [0x000000077af00000,0x000000077af00000,0x000000077c400000)
 ParOldGen       total 349696K, used 16K [0x00000006c0a00000, 0x00000006d5f80000, 0x000000076ae00000)
  object space 349696K, 0% used [0x00000006c0a00000,0x00000006c0a04000,0x00000006d5f80000)
 Metaspace       used 20562K, capacity 21098K, committed 21248K, reserved 1069056K
  class space    used 2360K, capacity 2494K, committed 2560K, reserved 1048576K
Event: 57.610 GC heap after
Heap after GC invocations=3 (full 1):
 PSYoungGen      total 284672K, used 0K [0x000000076ae00000, 0x000000077d900000, 0x00000007c0000000)
  eden space 263168K, 0% used [0x000000076ae00000,0x000000076ae00000,0x000000077af00000)
  from space 21504K, 0% used [0x000000077c400000,0x000000077c400000,0x000000077d900000)
  to   space 21504K, 0% used [0x000000077af00000,0x000000077af00000,0x000000077c400000)
 ParOldGen       total 349696K, used 14635K [0x00000006c0a00000, 0x00000006d5f80000, 0x000000076ae00000)
  object space 349696K, 4% used [0x00000006c0a00000,0x00000006c184af68,0x00000006d5f80000)
 Metaspace       used 20562K, capacity 21098K, committed 21248K, reserved 1069056K
  class space    used 2360K, capacity 2494K, committed 2560K, reserved 1048576K
}
Event: 66.579 GC heap before
{Heap before GC invocations=4 (full 1):
 PSYoungGen      total 284672K, used 263168K [0x000000076ae00000, 0x000000077d900000, 0x00000007c0000000)
  eden space 263168K, 100% used [0x000000076ae00000,0x000000077af00000,0x000000077af00000)
  from space 21504K, 0% used [0x000000077c400000,0x000000077c400000,0x000000077d900000)
  to   space 21504K, 0% used [0x000000077af00000,0x000000077af00000,0x000000077c400000)
 ParOldGen       total 349696K, used 14635K [0x00000006c0a00000, 0x00000006d5f80000, 0x000000076ae00000)
  object space 349696K, 4% used [0x00000006c0a00000,0x00000006c184af68,0x00000006d5f80000)
 Metaspace       used 24515K, capacity 25134K, committed 25344K, reserved 1071104K
  class space    used 2808K, capacity 2965K, committed 3072K, reserved 1048576K
Event: 66.975 GC heap after
Heap after GC invocations=4 (full 1):
 PSYoungGen      total 284672K, used 21499K [0x000000076ae00000, 0x000000078b800000, 0x00000007c0000000)
  eden space 263168K, 0% used [0x000000076ae00000,0x000000076ae00000,0x000000077af00000)
  from space 21504K, 99% used [0x000000077af00000,0x000000077c3fefb0,0x000000077c400000)
  to   space 21504K, 0% used [0x000000078a300000,0x000000078a300000,0x000000078b800000)
 ParOldGen       total 349696K, used 29584K [0x00000006c0a00000, 0x00000006d5f80000, 0x000000076ae00000)
  object space 349696K, 8% used [0x00000006c0a00000,0x00000006c26e41c0,0x00000006d5f80000)
 Metaspace       used 24515K, capacity 25134K, committed 25344K, reserved 1071104K
  class space    used 2808K, capacity 2965K, committed 3072K, reserved 1048576K
}
Event: 72.613 GC heap before
{Heap before GC invocations=5 (full 1):
 PSYoungGen      total 284672K, used 284667K [0x000000076ae00000, 0x000000078b800000, 0x00000007c0000000)
  eden space 263168K, 100% used [0x000000076ae00000,0x000000077af00000,0x000000077af00000)
  from space 21504K, 99% used [0x000000077af00000,0x000000077c3fefb0,0x000000077c400000)
  to   space 21504K, 0% used [0x000000078a300000,0x000000078a300000,0x000000078b800000)
 ParOldGen       total 349696K, used 29584K [0x00000006c0a00000, 0x00000006d5f80000, 0x000000076ae00000)
  object space 349696K, 8% used [0x00000006c0a00000,0x00000006c26e41c0,0x00000006d5f80000)
 Metaspace       used 24547K, capacity 25144K, committed 25344K, reserved 1071104K
  class space    used 2813K, capacity 2967K, committed 3072K, reserved 1048576K
Event: 72.774 GC heap after
Heap after GC invocations=5 (full 1):
 PSYoungGen      total 513024K, used 21497K [0x000000076ae00000, 0x000000078b900000, 0x00000007c0000000)
  eden space 491520K, 0% used [0x000000076ae00000,0x000000076ae00000,0x0000000788e00000)
  from space 21504K, 99% used [0x000000078a300000,0x000000078b7fe400,0x000000078b800000)
  to   space 21504K, 0% used [0x0000000788e00000,0x0000000788e00000,0x000000078a300000)
 ParOldGen       total 349696K, used 55279K [0x00000006c0a00000, 0x00000006d5f80000, 0x000000076ae00000)
  object space 349696K, 15% used [0x00000006c0a00000,0x00000006c3ffbfe8,0x00000006d5f80000)
 Metaspace       used 24547K, capacity 25144K, committed 25344K, reserved 1071104K
  class space    used 2813K, capacity 2967K, committed 3072K, reserved 1048576K
}

